<?xml version="1.0" encoding="UTF-8"?>
<!-- Generated by org.testng.reporters.JUnitReportReporter -->
<testsuite hostname="DESKTOP-3AE5TMV" failures="0" tests="5" name="com.testNg.testNgAnnotations" time="0.009" errors="0" timestamp="2021-12-07T21:07:14 CST" skipped="0">
  <testcase classname="com.testNg.testNgAnnotations" name="testcase1" time="0.004"/>
  <system-out/>
  <testcase classname="com.testNg.testNgAnnotations" name="testcase4" time="0.001"/>
  <system-out/>
  <testcase classname="com.testNg.testNgAnnotations" name="testcase5" time="0.001"/>
  <system-out/>
  <testcase classname="com.testNg.testNgAnnotations" name="testcase2" time="0.001"/>
  <system-out/>
  <testcase classname="com.testNg.testNgAnnotations" name="testcase3" time="0.002"/>
  <system-out/>
</testsuite> <!-- com.testNg.testNgAnnotations -->
